build/app/intermediates/manifest_merge_blame_file/release/manifest-merger-blame-release-report.txt
1<?xml version="1.0" encoding="utf-8"?>
2<manifest xmlns:android="http://schemas.android.com/apk/res/android"
3    package="com.bitincome.wallet"
4    android:versionCode="1"
5    android:versionName="1.0.0" >
6
7    <uses-sdk
8        android:minSdkVersion="21"
8-->src\main\AndroidManifest.xml
9        android:targetSdkVersion="33" />
9-->src\main\AndroidManifest.xml
10
11    <queries>
11-->src\main\AndroidManifest.xml:4:5-25:17
12
13        <!-- If your app opens https URLs -->
14        <intent>
14-->src\main\AndroidManifest.xml:6:7-9:16
15            <action android:name="android.intent.action.VIEW" />
15-->src\main\AndroidManifest.xml:7:9-61
15-->src\main\AndroidManifest.xml:7:17-58
16
17            <data android:scheme="https" />
17-->src\main\AndroidManifest.xml:8:15-37
18        </intent>
19        <!-- If your app makes calls -->
20        <intent>
20-->src\main\AndroidManifest.xml:11:7-14:16
21            <action android:name="android.intent.action.DIAL" />
21-->src\main\AndroidManifest.xml:12:9-61
21-->src\main\AndroidManifest.xml:12:17-58
22
23            <data android:scheme="tel" />
23-->src\main\AndroidManifest.xml:8:15-37
24        </intent>
25        <!-- If your sends SMS messages -->
26        <intent>
26-->src\main\AndroidManifest.xml:16:7-19:16
27            <action android:name="android.intent.action.SENDTO" />
27-->src\main\AndroidManifest.xml:17:9-63
27-->src\main\AndroidManifest.xml:17:17-60
28
29            <data android:scheme="smsto" />
29-->src\main\AndroidManifest.xml:8:15-37
30        </intent>
31        <!-- If your app sends emails -->
32        <intent>
32-->src\main\AndroidManifest.xml:21:7-24:16
33            <action android:name="android.intent.action.SEND" />
33-->src\main\AndroidManifest.xml:22:9-61
33-->src\main\AndroidManifest.xml:22:17-58
34
35            <data android:mimeType="*/*" />
35-->src\main\AndroidManifest.xml:23:15-37
36        </intent>
37        <intent>
37-->[:flutter_inappwebview] AndroidManifest.xml:10:9-12:18
38            <action android:name="android.support.customtabs.action.CustomTabsService" />
38-->[:flutter_inappwebview] AndroidManifest.xml:11:13-90
38-->[:flutter_inappwebview] AndroidManifest.xml:11:21-87
39        </intent> <!-- For browser content -->
40        <intent>
40-->[com.google.android.gms:play-services-ads-lite:20.6.0] AndroidManifest.xml:31:9-37:18
41            <action android:name="android.intent.action.VIEW" />
41-->src\main\AndroidManifest.xml:7:9-61
41-->src\main\AndroidManifest.xml:7:17-58
42
43            <category android:name="android.intent.category.BROWSABLE" />
43-->src\main\AndroidManifest.xml:91:17-78
43-->src\main\AndroidManifest.xml:91:27-75
44
45            <data android:scheme="https" />
45-->src\main\AndroidManifest.xml:8:15-37
46        </intent>
47    </queries>
48
49    <uses-permission android:name="android.permission.INTERNET" /> <!-- this is mandatory -->
49-->src\main\AndroidManifest.xml:26:7-69
49-->src\main\AndroidManifest.xml:26:24-66
50    <uses-permission android:name="android.permission.ACCESS_NETWORK_STATE" />
50-->src\main\AndroidManifest.xml:27:7-81
50-->src\main\AndroidManifest.xml:27:24-78
51
52    <!-- uncomment required permissions here -->
53
54    <uses-permission android:name="android.permission.WRITE_EXTERNAL_STORAGE" />
54-->src\main\AndroidManifest.xml:31:8-83
54-->src\main\AndroidManifest.xml:31:25-81
55    <uses-permission android:name="android.permission.ACCESS_WIFI_STATE" />
55-->src\main\AndroidManifest.xml:32:8-79
55-->src\main\AndroidManifest.xml:32:25-76
56    <uses-permission android:name="android.permission.CAMERA" />
56-->src\main\AndroidManifest.xml:33:8-68
56-->src\main\AndroidManifest.xml:33:25-65
57    <!-- <uses-feature android:name="android.hardware.camera" /> -->
58    <!-- <uses-permission android:name="android.permission.RECORD_AUDIO" /> -->
59    <!-- <uses-permission android:name="android.permission.MODIFY_AUDIO_SETTINGS" /> -->
60    <!-- <uses-permission android:name="android.permission.VIDEO_CAPTURE" /> -->
61    <!-- <uses-permission android:name="android.permission.AUDIO_CAPTURE" /> -->
62    <!-- <uses-permission android:name="android.permission.BLUETOOTH" /> -->
63
64
65    <!-- <uses-permission android:name="android.permission.ACCESS_COARSE_LOCATION" /> -->
66    <!-- <uses-permission android:name="android.permission.ACCESS_FINE_LOCATION" /> -->
67    <uses-permission android:name="android.permission.ACCESS_BACKGROUND_LOCATION" />
67-->src\main\AndroidManifest.xml:43:7-87
67-->src\main\AndroidManifest.xml:43:24-84
68    <uses-permission android:name="android.permission.RECEIVE_BOOT_COMPLETED" />
68-->[:flutter_local_notifications] AndroidManifest.xml:9:5-81
68-->[:flutter_local_notifications] AndroidManifest.xml:9:22-78
69    <uses-permission android:name="android.permission.VIBRATE" />
69-->[:flutter_local_notifications] AndroidManifest.xml:10:5-66
69-->[:flutter_local_notifications] AndroidManifest.xml:10:22-63
70    <uses-permission android:name="android.permission.USE_FULL_SCREEN_INTENT" />
70-->[:flutter_local_notifications] AndroidManifest.xml:11:5-81
70-->[:flutter_local_notifications] AndroidManifest.xml:11:22-78
71    <uses-permission android:name="android.permission.SCHEDULE_EXACT_ALARM" /> <!-- Create a unique permission for your app and use it so only your app can receive your OneSignal messages. -->
71-->[:flutter_local_notifications] AndroidManifest.xml:12:5-79
71-->[:flutter_local_notifications] AndroidManifest.xml:12:22-76
72    <permission
72-->[com.onesignal:OneSignal:4.8.5] AndroidManifest.xml:7:5-9:47
73        android:name="com.bitincome.wallet.permission.C2D_MESSAGE"
73-->[com.onesignal:OneSignal:4.8.5] AndroidManifest.xml:8:9-63
74        android:protectionLevel="signature" />
74-->[com.onesignal:OneSignal:4.8.5] AndroidManifest.xml:9:9-44
75
76    <uses-permission android:name="com.bitincome.wallet.permission.C2D_MESSAGE" /> <!-- OneSignal SDK has runtime checks Android version. -->
76-->[com.onesignal:OneSignal:4.8.5] AndroidManifest.xml:11:5-79
76-->[com.onesignal:OneSignal:4.8.5] AndroidManifest.xml:11:22-76
77    <!-- <uses-sdk tools:overrideLibrary="android.support.customtabs"/> -->
78    <!-- Required runtime permission to display notifications on Android 13 -->
79    <uses-permission android:name="android.permission.POST_NOTIFICATIONS" /> <!-- c2dm RECEIVE are basic requirements for push messages through Google's FCM -->
79-->[com.onesignal:OneSignal:4.8.5] AndroidManifest.xml:16:5-77
79-->[com.onesignal:OneSignal:4.8.5] AndroidManifest.xml:16:22-74
80    <uses-permission android:name="com.google.android.c2dm.permission.RECEIVE" /> <!-- Required, makes sure notifications are delivered on time. -->
80-->[com.onesignal:OneSignal:4.8.5] AndroidManifest.xml:18:5-82
80-->[com.onesignal:OneSignal:4.8.5] AndroidManifest.xml:18:22-79
81    <uses-permission android:name="android.permission.WAKE_LOCK" /> <!-- START: ShortcutBadger -->
81-->[com.onesignal:OneSignal:4.8.5] AndroidManifest.xml:19:5-68
81-->[com.onesignal:OneSignal:4.8.5] AndroidManifest.xml:19:22-65
82    <!-- Samsung -->
83    <uses-permission android:name="com.sec.android.provider.badge.permission.READ" />
83-->[com.onesignal:OneSignal:4.8.5] AndroidManifest.xml:32:5-86
83-->[com.onesignal:OneSignal:4.8.5] AndroidManifest.xml:32:22-83
84    <uses-permission android:name="com.sec.android.provider.badge.permission.WRITE" /> <!-- HTC -->
84-->[com.onesignal:OneSignal:4.8.5] AndroidManifest.xml:33:5-87
84-->[com.onesignal:OneSignal:4.8.5] AndroidManifest.xml:33:22-84
85    <uses-permission android:name="com.htc.launcher.permission.READ_SETTINGS" />
85-->[com.onesignal:OneSignal:4.8.5] AndroidManifest.xml:34:5-81
85-->[com.onesignal:OneSignal:4.8.5] AndroidManifest.xml:34:22-78
86    <uses-permission android:name="com.htc.launcher.permission.UPDATE_SHORTCUT" /> <!-- Sony -->
86-->[com.onesignal:OneSignal:4.8.5] AndroidManifest.xml:35:5-83
86-->[com.onesignal:OneSignal:4.8.5] AndroidManifest.xml:35:22-80
87    <uses-permission android:name="com.sonyericsson.home.permission.BROADCAST_BADGE" />
87-->[com.onesignal:OneSignal:4.8.5] AndroidManifest.xml:36:5-88
87-->[com.onesignal:OneSignal:4.8.5] AndroidManifest.xml:36:22-85
88    <uses-permission android:name="com.sonymobile.home.permission.PROVIDER_INSERT_BADGE" /> <!-- Apex -->
88-->[com.onesignal:OneSignal:4.8.5] AndroidManifest.xml:37:5-92
88-->[com.onesignal:OneSignal:4.8.5] AndroidManifest.xml:37:22-89
89    <uses-permission android:name="com.anddoes.launcher.permission.UPDATE_COUNT" /> <!-- Solid -->
89-->[com.onesignal:OneSignal:4.8.5] AndroidManifest.xml:38:5-84
89-->[com.onesignal:OneSignal:4.8.5] AndroidManifest.xml:38:22-81
90    <uses-permission android:name="com.majeur.launcher.permission.UPDATE_BADGE" /> <!-- Huawei -->
90-->[com.onesignal:OneSignal:4.8.5] AndroidManifest.xml:39:5-83
90-->[com.onesignal:OneSignal:4.8.5] AndroidManifest.xml:39:22-80
91    <uses-permission android:name="com.huawei.android.launcher.permission.CHANGE_BADGE" />
91-->[com.onesignal:OneSignal:4.8.5] AndroidManifest.xml:40:5-91
91-->[com.onesignal:OneSignal:4.8.5] AndroidManifest.xml:40:22-88
92    <uses-permission android:name="com.huawei.android.launcher.permission.READ_SETTINGS" />
92-->[com.onesignal:OneSignal:4.8.5] AndroidManifest.xml:41:5-92
92-->[com.onesignal:OneSignal:4.8.5] AndroidManifest.xml:41:22-89
93    <uses-permission android:name="com.huawei.android.launcher.permission.WRITE_SETTINGS" /> <!-- ZUK -->
93-->[com.onesignal:OneSignal:4.8.5] AndroidManifest.xml:42:5-93
93-->[com.onesignal:OneSignal:4.8.5] AndroidManifest.xml:42:22-90
94    <uses-permission android:name="android.permission.READ_APP_BADGE" /> <!-- OPPO -->
94-->[com.onesignal:OneSignal:4.8.5] AndroidManifest.xml:43:5-73
94-->[com.onesignal:OneSignal:4.8.5] AndroidManifest.xml:43:22-70
95    <uses-permission android:name="com.oppo.launcher.permission.READ_SETTINGS" />
95-->[com.onesignal:OneSignal:4.8.5] AndroidManifest.xml:44:5-82
95-->[com.onesignal:OneSignal:4.8.5] AndroidManifest.xml:44:22-79
96    <uses-permission android:name="com.oppo.launcher.permission.WRITE_SETTINGS" /> <!-- EvMe -->
96-->[com.onesignal:OneSignal:4.8.5] AndroidManifest.xml:45:5-83
96-->[com.onesignal:OneSignal:4.8.5] AndroidManifest.xml:45:22-80
97    <uses-permission android:name="me.everything.badger.permission.BADGE_COUNT_READ" />
97-->[com.onesignal:OneSignal:4.8.5] AndroidManifest.xml:46:5-88
97-->[com.onesignal:OneSignal:4.8.5] AndroidManifest.xml:46:22-85
98    <uses-permission android:name="me.everything.badger.permission.BADGE_COUNT_WRITE" />
98-->[com.onesignal:OneSignal:4.8.5] AndroidManifest.xml:47:5-89
98-->[com.onesignal:OneSignal:4.8.5] AndroidManifest.xml:47:22-86
99    <uses-permission android:name="com.google.android.gms.permission.AD_ID" />
99-->[com.google.android.gms:play-services-ads-lite:20.6.0] AndroidManifest.xml:25:5-79
99-->[com.google.android.gms:play-services-ads-lite:20.6.0] AndroidManifest.xml:25:22-76
100    <uses-permission android:name="android.permission.FOREGROUND_SERVICE" />
100-->[androidx.work:work-runtime:2.7.0] AndroidManifest.xml:28:5-77
100-->[androidx.work:work-runtime:2.7.0] AndroidManifest.xml:28:22-74
101
102    <permission
102-->[androidx.core:core:1.10.1] AndroidManifest.xml:22:5-24:47
103        android:name="com.bitincome.wallet.DYNAMIC_RECEIVER_NOT_EXPORTED_PERMISSION"
103-->[androidx.core:core:1.10.1] AndroidManifest.xml:23:9-81
104        android:protectionLevel="signature" />
104-->[androidx.core:core:1.10.1] AndroidManifest.xml:24:9-44
105
106    <uses-permission android:name="com.bitincome.wallet.DYNAMIC_RECEIVER_NOT_EXPORTED_PERMISSION" /> <!-- end  permissions from  list if using in your website -->
106-->[androidx.core:core:1.10.1] AndroidManifest.xml:26:5-97
106-->[androidx.core:core:1.10.1] AndroidManifest.xml:26:22-94
107    <application
108        android:name="android.app.Application"
108-->src\main\AndroidManifest.xml:47:9-42
109        android.usesCleartextTraffic="true"
109-->src\main\AndroidManifest.xml:49:9-44
110        android:appComponentFactory="androidx.core.app.CoreComponentFactory"
110-->[androidx.core:core:1.10.1] AndroidManifest.xml:28:18-86
111        android:icon="@mipmap/ic_launcher_squircle"
111-->src\main\AndroidManifest.xml:48:9-52
112        android:label="BitIncome"
112-->src\main\AndroidManifest.xml:46:9-34
113        android:requestLegacyExternalStorage="true" > <!-- this tag added to display downloading notification -->
113-->src\main\AndroidManifest.xml:50:9-52
114
115
116        <!-- to allow file permission -->
117        <provider
118            android:name="com.pichillilorenzo.flutter_inappwebview.InAppWebViewFileProvider"
118-->src\main\AndroidManifest.xml:55:11-91
119            android:authorities="com.bitincome.wallet.flutter_inappwebview.fileprovider"
119-->src\main\AndroidManifest.xml:56:11-83
120            android:exported="false"
120-->src\main\AndroidManifest.xml:57:11-35
121            android:grantUriPermissions="true" >
121-->src\main\AndroidManifest.xml:58:11-45
122            <meta-data
122-->src\main\AndroidManifest.xml:59:11-61:56
123                android:name="android.support.FILE_PROVIDER_PATHS"
123-->src\main\AndroidManifest.xml:60:15-65
124                android:resource="@xml/provider_paths" />
124-->src\main\AndroidManifest.xml:61:15-53
125        </provider>
126
127        <activity
127-->src\main\AndroidManifest.xml:63:9-95:20
128            android:name="com.bitincome.wallet.MainActivity"
128-->src\main\AndroidManifest.xml:64:13-41
129            android:configChanges="orientation|keyboardHidden|keyboard|screenSize|smallestScreenSize|locale|layoutDirection|fontScale|screenLayout|density|uiMode"
129-->src\main\AndroidManifest.xml:68:13-163
130            android:exported="true"
130-->src\main\AndroidManifest.xml:65:13-36
131            android:hardwareAccelerated="true"
131-->src\main\AndroidManifest.xml:69:13-47
132            android:launchMode="singleTop"
132-->src\main\AndroidManifest.xml:66:13-43
133            android:theme="@style/LaunchTheme"
133-->src\main\AndroidManifest.xml:67:13-47
134            android:turnScreenOn="true"
134-->src\main\AndroidManifest.xml:72:13-40
135            android:windowSoftInputMode="adjustResize" >
135-->src\main\AndroidManifest.xml:70:13-55
136
137            <!--
138                 Specifies an Android theme to apply to this Activity as soon as
139                 the Android process has started. This theme is visible to the user
140                 while the Flutter UI initializes. After that, this theme continues
141                 to determine the Window background behind the Flutter UI.
142            -->
143            <meta-data
143-->src\main\AndroidManifest.xml:77:13-80:17
144                android:name="io.flutter.embedding.android.NormalTheme"
144-->src\main\AndroidManifest.xml:78:15-70
145                android:resource="@style/NormalTheme" />
145-->src\main\AndroidManifest.xml:79:15-52
146
147            <intent-filter>
147-->src\main\AndroidManifest.xml:81:13-84:29
148                <action android:name="android.intent.action.MAIN" />
148-->src\main\AndroidManifest.xml:82:17-68
148-->src\main\AndroidManifest.xml:82:25-66
149
150                <category android:name="android.intent.category.LAUNCHER" />
150-->src\main\AndroidManifest.xml:83:17-76
150-->src\main\AndroidManifest.xml:83:27-74
151            </intent-filter>
152
153            <!-- Deep linking -->
154            <meta-data
154-->src\main\AndroidManifest.xml:87:13-90
155                android:name="flutter_deeplinking_enabled"
155-->src\main\AndroidManifest.xml:87:24-66
156                android:value="true" />
156-->src\main\AndroidManifest.xml:87:67-87
157
158            <intent-filter android:autoVerify="true" >
158-->src\main\AndroidManifest.xml:88:13-94:29
158-->src\main\AndroidManifest.xml:88:28-53
159                <action android:name="android.intent.action.VIEW" />
159-->src\main\AndroidManifest.xml:7:9-61
159-->src\main\AndroidManifest.xml:7:17-58
160
161                <category android:name="android.intent.category.DEFAULT" />
161-->src\main\AndroidManifest.xml:90:17-76
161-->src\main\AndroidManifest.xml:90:27-73
162                <category android:name="android.intent.category.BROWSABLE" />
162-->src\main\AndroidManifest.xml:91:17-78
162-->src\main\AndroidManifest.xml:91:27-75
163
164                <data
165                    android:host="android.app.Application"
165-->src\main\AndroidManifest.xml:92:45-78
166                    android:pathPrefix="/"
166-->src\main\AndroidManifest.xml:92:79-101
167                    android:scheme="http" />
167-->src\main\AndroidManifest.xml:8:15-37
168                <data android:scheme="https" />
168-->src\main\AndroidManifest.xml:8:15-37
169            </intent-filter>
170        </activity>
171        <!--
172             Don't delete the meta-data below.
173             This is used by the Flutter tool to generate GeneratedPluginRegistrant.java
174        -->
175        <meta-data
175-->src\main\AndroidManifest.xml:98:9-100:33
176            android:name="flutterEmbedding"
176-->src\main\AndroidManifest.xml:99:13-44
177            android:value="2" />
177-->src\main\AndroidManifest.xml:100:13-30
178
179        <!-- Sample AdMob app ID: ca-app-pub-3940256099942544~3347511713 -->
180        <meta-data
180-->src\main\AndroidManifest.xml:103:9-105:69
181            android:name="com.google.android.gms.ads.APPLICATION_ID"
181-->src\main\AndroidManifest.xml:104:13-69
182            android:value="ca-app-pub-3940256099942544~3347511713" />
182-->src\main\AndroidManifest.xml:105:13-67
183        <meta-data
183-->src\main\AndroidManifest.xml:106:9-108:64
184            android:name="com.onesignal.messaging.default_notification_icon"
184-->src\main\AndroidManifest.xml:107:9-73
185            android:resource="@mipmap/ic_stat_onesignal_default" />
185-->src\main\AndroidManifest.xml:108:9-61
186        <meta-data
186-->src\main\AndroidManifest.xml:109:9-111:34
187            android:name="com.onesignal.NotificationAccentColor.DEFAULT"
187-->src\main\AndroidManifest.xml:110:9-69
188            android:value="FFFFFF" />
188-->src\main\AndroidManifest.xml:111:9-31
189        <!--
190below line Allows you to handle programmatically.
191Setting the value to false will launch the url in a browser.
192        -->
193        <meta-data
193-->src\main\AndroidManifest.xml:114:9-90
194            android:name="com.onesignal.suppressLaunchURLs"
194-->src\main\AndroidManifest.xml:114:20-67
195            android:value="true" />
195-->src\main\AndroidManifest.xml:114:68-88
196        <!-- end -->
197        <activity
197-->[:flutter_inappwebview] AndroidManifest.xml:16:9-20:47
198            android:name="com.pichillilorenzo.flutter_inappwebview.in_app_browser.InAppBrowserActivity"
198-->[:flutter_inappwebview] AndroidManifest.xml:17:13-104
199            android:configChanges="orientation|keyboardHidden|keyboard|screenSize|locale|layoutDirection|fontScale|screenLayout|density"
199-->[:flutter_inappwebview] AndroidManifest.xml:18:13-137
200            android:exported="false"
200-->[:flutter_inappwebview] AndroidManifest.xml:19:13-37
201            android:theme="@style/AppTheme" />
201-->[:flutter_inappwebview] AndroidManifest.xml:20:13-44
202        <activity
202-->[:flutter_inappwebview] AndroidManifest.xml:21:9-24:55
203            android:name="com.pichillilorenzo.flutter_inappwebview.chrome_custom_tabs.ChromeCustomTabsActivity"
203-->[:flutter_inappwebview] AndroidManifest.xml:22:13-112
204            android:exported="false"
204-->[:flutter_inappwebview] AndroidManifest.xml:23:13-37
205            android:theme="@style/ThemeTransparent" />
205-->[:flutter_inappwebview] AndroidManifest.xml:24:13-52
206        <activity
206-->[:flutter_inappwebview] AndroidManifest.xml:25:9-28:55
207            android:name="com.pichillilorenzo.flutter_inappwebview.chrome_custom_tabs.TrustedWebActivity"
207-->[:flutter_inappwebview] AndroidManifest.xml:26:13-106
208            android:exported="false"
208-->[:flutter_inappwebview] AndroidManifest.xml:27:13-37
209            android:theme="@style/ThemeTransparent" />
209-->[:flutter_inappwebview] AndroidManifest.xml:28:13-52
210        <activity
210-->[:flutter_inappwebview] AndroidManifest.xml:29:9-33:55
211            android:name="com.pichillilorenzo.flutter_inappwebview.chrome_custom_tabs.ChromeCustomTabsActivitySingleInstance"
211-->[:flutter_inappwebview] AndroidManifest.xml:30:13-126
212            android:exported="false"
212-->[:flutter_inappwebview] AndroidManifest.xml:31:13-37
213            android:launchMode="singleInstance"
213-->[:flutter_inappwebview] AndroidManifest.xml:32:13-48
214            android:theme="@style/ThemeTransparent" />
214-->[:flutter_inappwebview] AndroidManifest.xml:33:13-52
215        <activity
215-->[:flutter_inappwebview] AndroidManifest.xml:34:9-38:55
216            android:name="com.pichillilorenzo.flutter_inappwebview.chrome_custom_tabs.TrustedWebActivitySingleInstance"
216-->[:flutter_inappwebview] AndroidManifest.xml:35:13-120
217            android:exported="false"
217-->[:flutter_inappwebview] AndroidManifest.xml:36:13-37
218            android:launchMode="singleInstance"
218-->[:flutter_inappwebview] AndroidManifest.xml:37:13-48
219            android:theme="@style/ThemeTransparent" />
219-->[:flutter_inappwebview] AndroidManifest.xml:38:13-52
220
221        <receiver
221-->[:flutter_inappwebview] AndroidManifest.xml:40:9-43:40
222            android:name="com.pichillilorenzo.flutter_inappwebview.chrome_custom_tabs.ActionBroadcastReceiver"
222-->[:flutter_inappwebview] AndroidManifest.xml:41:13-111
223            android:enabled="true"
223-->[:flutter_inappwebview] AndroidManifest.xml:42:13-35
224            android:exported="false" />
224-->[:flutter_inappwebview] AndroidManifest.xml:43:13-37
225
226        <meta-data
226-->[:flutter_inappwebview] AndroidManifest.xml:45:9-47:36
227            android:name="io.flutter.embedded_views_preview"
227-->[:flutter_inappwebview] AndroidManifest.xml:46:13-61
228            android:value="true" />
228-->[:flutter_inappwebview] AndroidManifest.xml:47:13-33
229
230        <provider
230-->[:share_plus] AndroidManifest.xml:10:9-18:20
231            android:name="dev.fluttercommunity.plus.share.ShareFileProvider"
231-->[:share_plus] AndroidManifest.xml:11:13-77
232            android:authorities="com.bitincome.wallet.flutter.share_provider"
232-->[:share_plus] AndroidManifest.xml:12:13-74
233            android:exported="false"
233-->[:share_plus] AndroidManifest.xml:13:13-37
234            android:grantUriPermissions="true" >
234-->[:share_plus] AndroidManifest.xml:14:13-47
235            <meta-data
235-->src\main\AndroidManifest.xml:59:11-61:56
236                android:name="android.support.FILE_PROVIDER_PATHS"
236-->src\main\AndroidManifest.xml:60:15-65
237                android:resource="@xml/flutter_share_file_paths" />
237-->src\main\AndroidManifest.xml:61:15-53
238        </provider>
239
240        <receiver
240-->[:flutter_local_notifications] AndroidManifest.xml:15:9-17:40
241            android:name="com.dexterous.flutterlocalnotifications.ScheduledNotificationReceiver"
241-->[:flutter_local_notifications] AndroidManifest.xml:16:13-97
242            android:exported="false" />
242-->[:flutter_local_notifications] AndroidManifest.xml:17:13-37
243        <receiver
243-->[:flutter_local_notifications] AndroidManifest.xml:18:9-27:20
244            android:name="com.dexterous.flutterlocalnotifications.ScheduledNotificationBootReceiver"
244-->[:flutter_local_notifications] AndroidManifest.xml:19:13-101
245            android:exported="false" >
245-->[:flutter_local_notifications] AndroidManifest.xml:20:13-37
246            <intent-filter>
246-->[:flutter_local_notifications] AndroidManifest.xml:21:13-26:29
247                <action android:name="android.intent.action.BOOT_COMPLETED" />
247-->[:flutter_local_notifications] AndroidManifest.xml:22:17-79
247-->[:flutter_local_notifications] AndroidManifest.xml:22:25-76
248                <action android:name="android.intent.action.MY_PACKAGE_REPLACED" />
248-->[:flutter_local_notifications] AndroidManifest.xml:23:17-84
248-->[:flutter_local_notifications] AndroidManifest.xml:23:25-81
249                <action android:name="android.intent.action.QUICKBOOT_POWERON" />
249-->[:flutter_local_notifications] AndroidManifest.xml:24:17-82
249-->[:flutter_local_notifications] AndroidManifest.xml:24:25-79
250                <action android:name="com.htc.intent.action.QUICKBOOT_POWERON" />
250-->[:flutter_local_notifications] AndroidManifest.xml:25:17-82
250-->[:flutter_local_notifications] AndroidManifest.xml:25:25-79
251            </intent-filter>
252        </receiver>
253
254        <activity
254-->[:url_launcher_android] AndroidManifest.xml:10:9-13:74
255            android:name="io.flutter.plugins.urllauncher.WebViewActivity"
255-->[:url_launcher_android] AndroidManifest.xml:11:13-74
256            android:exported="false"
256-->[:url_launcher_android] AndroidManifest.xml:12:13-37
257            android:theme="@android:style/Theme.NoTitleBar.Fullscreen" />
257-->[:url_launcher_android] AndroidManifest.xml:13:13-71
258
259        <receiver
259-->[com.onesignal:OneSignal:4.8.5] AndroidManifest.xml:50:9-61:20
260            android:name="com.onesignal.FCMBroadcastReceiver"
260-->[com.onesignal:OneSignal:4.8.5] AndroidManifest.xml:51:13-62
261            android:exported="true"
261-->[com.onesignal:OneSignal:4.8.5] AndroidManifest.xml:52:13-36
262            android:permission="com.google.android.c2dm.permission.SEND" >
262-->[com.onesignal:OneSignal:4.8.5] AndroidManifest.xml:53:13-73
263
264            <!-- High priority so OneSignal payloads can be filtered from other FCM receivers -->
265            <intent-filter android:priority="999" >
265-->[com.onesignal:OneSignal:4.8.5] AndroidManifest.xml:56:13-60:29
265-->[com.onesignal:OneSignal:4.8.5] AndroidManifest.xml:56:28-50
266                <action android:name="com.google.android.c2dm.intent.RECEIVE" />
266-->[com.onesignal:OneSignal:4.8.5] AndroidManifest.xml:57:17-81
266-->[com.onesignal:OneSignal:4.8.5] AndroidManifest.xml:57:25-78
267
268                <category android:name="com.bitincome.wallet" />
268-->[com.onesignal:OneSignal:4.8.5] AndroidManifest.xml:59:17-61
268-->[com.onesignal:OneSignal:4.8.5] AndroidManifest.xml:59:27-58
269            </intent-filter>
270        </receiver>
271
272        <service
272-->[com.onesignal:OneSignal:4.8.5] AndroidManifest.xml:63:9-69:19
273            android:name="com.onesignal.HmsMessageServiceOneSignal"
273-->[com.onesignal:OneSignal:4.8.5] AndroidManifest.xml:64:13-68
274            android:exported="false" >
274-->[com.onesignal:OneSignal:4.8.5] AndroidManifest.xml:65:13-37
275            <intent-filter>
275-->[com.onesignal:OneSignal:4.8.5] AndroidManifest.xml:66:13-68:29
276                <action android:name="com.huawei.push.action.MESSAGING_EVENT" />
276-->[com.onesignal:OneSignal:4.8.5] AndroidManifest.xml:67:17-81
276-->[com.onesignal:OneSignal:4.8.5] AndroidManifest.xml:67:25-78
277            </intent-filter>
278        </service>
279
280        <activity
280-->[com.onesignal:OneSignal:4.8.5] AndroidManifest.xml:71:9-79:20
281            android:name="com.onesignal.NotificationOpenedActivityHMS"
281-->[com.onesignal:OneSignal:4.8.5] AndroidManifest.xml:72:13-71
282            android:exported="true"
282-->[com.onesignal:OneSignal:4.8.5] AndroidManifest.xml:73:13-36
283            android:noHistory="true"
283-->[com.onesignal:OneSignal:4.8.5] AndroidManifest.xml:74:13-37
284            android:theme="@android:style/Theme.Translucent.NoTitleBar" >
284-->[com.onesignal:OneSignal:4.8.5] AndroidManifest.xml:75:13-72
285            <intent-filter>
285-->[com.onesignal:OneSignal:4.8.5] AndroidManifest.xml:76:13-78:29
286                <action android:name="android.intent.action.VIEW" />
286-->src\main\AndroidManifest.xml:7:9-61
286-->src\main\AndroidManifest.xml:7:17-58
287            </intent-filter>
288        </activity>
289
290        <service
290-->[com.onesignal:OneSignal:4.8.5] AndroidManifest.xml:81:9-83:40
291            android:name="com.onesignal.FCMIntentService"
291-->[com.onesignal:OneSignal:4.8.5] AndroidManifest.xml:82:13-58
292            android:exported="false" />
292-->[com.onesignal:OneSignal:4.8.5] AndroidManifest.xml:83:13-37
293        <service
293-->[com.onesignal:OneSignal:4.8.5] AndroidManifest.xml:84:9-87:72
294            android:name="com.onesignal.FCMIntentJobService"
294-->[com.onesignal:OneSignal:4.8.5] AndroidManifest.xml:85:13-61
295            android:exported="false"
295-->[com.onesignal:OneSignal:4.8.5] AndroidManifest.xml:86:13-37
296            android:permission="android.permission.BIND_JOB_SERVICE" />
296-->[com.onesignal:OneSignal:4.8.5] AndroidManifest.xml:87:13-69
297        <service
297-->[com.onesignal:OneSignal:4.8.5] AndroidManifest.xml:88:9-91:43
298            android:name="com.onesignal.SyncService"
298-->[com.onesignal:OneSignal:4.8.5] AndroidManifest.xml:89:13-53
299            android:exported="false"
299-->[com.onesignal:OneSignal:4.8.5] AndroidManifest.xml:90:13-37
300            android:stopWithTask="true" />
300-->[com.onesignal:OneSignal:4.8.5] AndroidManifest.xml:91:13-40
301        <service
301-->[com.onesignal:OneSignal:4.8.5] AndroidManifest.xml:92:9-95:72
302            android:name="com.onesignal.SyncJobService"
302-->[com.onesignal:OneSignal:4.8.5] AndroidManifest.xml:93:13-56
303            android:exported="false"
303-->[com.onesignal:OneSignal:4.8.5] AndroidManifest.xml:94:13-37
304            android:permission="android.permission.BIND_JOB_SERVICE" />
304-->[com.onesignal:OneSignal:4.8.5] AndroidManifest.xml:95:13-69
305
306        <activity
306-->[com.onesignal:OneSignal:4.8.5] AndroidManifest.xml:97:9-100:75